2021-12-30 19:38:47.308  INFO 2572 --- [main] lavalink.server.Launcher                 : 

[32m       .  [31m _                  _ _       _    [32m__ _ _
[32m      /\\ [31m| | __ ___   ____ _| (_)_ __ | | __[32m\ \ \ \
[32m     ( ( )[31m| |/ _` \ \ / / _` | | | '_ \| |/ /[32m \ \ \ \
[32m      \\/ [31m| | (_| |\ V / (_| | | | | | |   < [32m  ) ) ) )
[32m       '  [31m|_|\__,_| \_/ \__,_|_|_|_| |_|_|\_\[32m / / / /
[0m    =========================================[32m/_/_/_/[0m

	Version:        5635ef4c5223b73572a2578c5babdb06ddb7a4f6-SNAPSHOT
	Build:          1316
	Build time:     29.12.2021 10:23:39 UTC
	Branch          master
	Commit:         5635ef4
	Commit time:    29.12.2021 10:18:59 UTC
	JVM:            17.0.1
	Lavaplayer      1.3.96-original

2021-12-30 19:38:47.352  INFO 2572 --- [main] o.s.boot.SpringApplication               : 
  .   ____          _            __ _ _
 /\\ / ___'_ __ _ _(_)_ __  __ _ \ \ \ \
( ( )\___ | '_ | '_| | '_ \/ _` | \ \ \ \
 \\/  ___)| |_)| | | | | || (_| |  ) ) ) )
  '  |____| .__|_| |_|_| |_\__, | / / / /
 =========|_|==============|___/=/_/_/_/
 :: Spring Boot ::        (v2.1.8.RELEASE)


2021-12-30 19:38:47.475  INFO 2572 --- [main] lavalink.server.Launcher                 : Starting Launcher on LAPTOP-QA9BB944 with PID 2572 (C:\Users\Jaap\source\repos\StreamMusicBot\Start\Lavalink.jar started by Jaap in C:\Users\Jaap\source\repos\StreamMusicBot\Start)
2021-12-30 19:38:47.476  INFO 2572 --- [main] lavalink.server.Launcher                 : No active profile set, falling back to default profiles: default
2021-12-30 19:38:47.568  WARN 2572 --- [background-preinit] o.s.h.c.j.Jackson2ObjectMapperBuilder    : For Jackson Kotlin classes support please add "com.fasterxml.jackson.module:jackson-module-kotlin" to the classpath
2021-12-30 19:38:48.692  WARN 2572 --- [main] io.undertow.websockets.jsr               : UT026010: Buffer pool was not set on WebSocketDeploymentInfo, the default pool will be used
2021-12-30 19:38:48.717  INFO 2572 --- [main] io.undertow.servlet                      : Initializing Spring embedded WebApplicationContext
2021-12-30 19:38:48.718  INFO 2572 --- [main] o.s.web.context.ContextLoader            : Root WebApplicationContext: initialization completed in 1190 ms
2021-12-30 19:38:49.095  WARN 2572 --- [main] l.server.config.SentryConfiguration      : Turning off sentry
2021-12-30 19:38:49.407  INFO 2572 --- [main] c.s.d.l.tools.GarbageCollectionMonitor   : GC monitoring enabled, reporting results every 2 minutes.
2021-12-30 19:38:49.650  INFO 2572 --- [main] lavalink.server.config.KoeConfiguration  : OS: Windows 10, Arch: amd64
2021-12-30 19:38:49.651  WARN 2572 --- [main] lavalink.server.config.KoeConfiguration  : This system and architecture appears to not support native audio sending! GC pauses may cause your bot to stutter during playback.
2021-12-30 19:38:49.886  INFO 2572 --- [main] o.s.s.concurrent.ThreadPoolTaskExecutor  : Initializing ExecutorService 'applicationTaskExecutor'
2021-12-30 19:38:50.204  INFO 2572 --- [main] org.xnio                                 : XNIO version 3.3.8.Final
2021-12-30 19:38:50.217  INFO 2572 --- [main] org.xnio.nio                             : XNIO NIO Implementation Version 3.3.8.Final
2021-12-30 19:38:50.297  INFO 2572 --- [main] o.s.b.w.e.u.UndertowServletWebServer     : Undertow started on port(s) 2333 (http) with context path ''
2021-12-30 19:38:50.302  INFO 2572 --- [main] lavalink.server.Launcher                 : Started Launcher in 3.596 seconds (JVM running for 4.128)
2021-12-30 19:38:50.303  INFO 2572 --- [main] lavalink.server.Launcher                 : You can safely ignore the big red warning about illegal reflection. See https://github.com/freyacodes/Lavalink/issues/295
2021-12-30 19:39:03.615  INFO 21544 --- [main] lavalink.server.Launcher                 : 

[32m       .  [31m _                  _ _       _    [32m__ _ _
[32m      /\\ [31m| | __ ___   ____ _| (_)_ __ | | __[32m\ \ \ \
[32m     ( ( )[31m| |/ _` \ \ / / _` | | | '_ \| |/ /[32m \ \ \ \
[32m      \\/ [31m| | (_| |\ V / (_| | | | | | |   < [32m  ) ) ) )
[32m       '  [31m|_|\__,_| \_/ \__,_|_|_|_| |_|_|\_\[32m / / / /
[0m    =========================================[32m/_/_/_/[0m

	Version:        5635ef4c5223b73572a2578c5babdb06ddb7a4f6-SNAPSHOT
	Build:          1316
	Build time:     29.12.2021 10:23:39 UTC
	Branch          master
	Commit:         5635ef4
	Commit time:    29.12.2021 10:18:59 UTC
	JVM:            17.0.1
	Lavaplayer      1.3.96-original

2021-12-30 19:39:03.653  INFO 21544 --- [main] o.s.boot.SpringApplication               : 
  .   ____          _            __ _ _
 /\\ / ___'_ __ _ _(_)_ __  __ _ \ \ \ \
( ( )\___ | '_ | '_| | '_ \/ _` | \ \ \ \
 \\/  ___)| |_)| | | | | || (_| |  ) ) ) )
  '  |____| .__|_| |_|_| |_\__, | / / / /
 =========|_|==============|___/=/_/_/_/
 :: Spring Boot ::        (v2.1.8.RELEASE)


2021-12-30 19:39:03.769  INFO 21544 --- [main] lavalink.server.Launcher                 : Starting Launcher on LAPTOP-QA9BB944 with PID 21544 (C:\Users\Jaap\source\repos\StreamMusicBot\Start\Lavalink.jar started by Jaap in C:\Users\Jaap\source\repos\StreamMusicBot\Start)
2021-12-30 19:39:03.770  INFO 21544 --- [main] lavalink.server.Launcher                 : No active profile set, falling back to default profiles: default
2021-12-30 19:39:03.854  WARN 21544 --- [background-preinit] o.s.h.c.j.Jackson2ObjectMapperBuilder    : For Jackson Kotlin classes support please add "com.fasterxml.jackson.module:jackson-module-kotlin" to the classpath
2021-12-30 19:39:04.986  WARN 21544 --- [main] io.undertow.websockets.jsr               : UT026010: Buffer pool was not set on WebSocketDeploymentInfo, the default pool will be used
2021-12-30 19:39:05.014  INFO 21544 --- [main] io.undertow.servlet                      : Initializing Spring embedded WebApplicationContext
2021-12-30 19:39:05.015  INFO 21544 --- [main] o.s.web.context.ContextLoader            : Root WebApplicationContext: initialization completed in 1194 ms
2021-12-30 19:39:05.403  WARN 21544 --- [main] l.server.config.SentryConfiguration      : Turning off sentry
2021-12-30 19:39:05.704  INFO 21544 --- [main] c.s.d.l.tools.GarbageCollectionMonitor   : GC monitoring enabled, reporting results every 2 minutes.
2021-12-30 19:39:05.945  INFO 21544 --- [main] lavalink.server.config.KoeConfiguration  : OS: Windows 10, Arch: amd64
2021-12-30 19:39:05.948  WARN 21544 --- [main] lavalink.server.config.KoeConfiguration  : This system and architecture appears to not support native audio sending! GC pauses may cause your bot to stutter during playback.
2021-12-30 19:39:06.165  INFO 21544 --- [main] o.s.s.concurrent.ThreadPoolTaskExecutor  : Initializing ExecutorService 'applicationTaskExecutor'
2021-12-30 19:39:06.479  INFO 21544 --- [main] org.xnio                                 : XNIO version 3.3.8.Final
2021-12-30 19:39:06.493  INFO 21544 --- [main] org.xnio.nio                             : XNIO NIO Implementation Version 3.3.8.Final
2021-12-30 19:39:06.575  INFO 21544 --- [main] o.s.b.w.e.u.UndertowServletWebServer     : Undertow started on port(s) 2333 (http) with context path ''
2021-12-30 19:39:06.580  INFO 21544 --- [main] lavalink.server.Launcher                 : Started Launcher in 3.539 seconds (JVM running for 4.103)
2021-12-30 19:39:06.582  INFO 21544 --- [main] lavalink.server.Launcher                 : You can safely ignore the big red warning about illegal reflection. See https://github.com/freyacodes/Lavalink/issues/295
2021-12-30 19:39:36.364  INFO 21544 --- [XNIO-1 task-1] io.undertow.servlet                      : Initializing Spring DispatcherServlet 'dispatcherServlet'
2021-12-30 19:39:36.365  INFO 21544 --- [XNIO-1 task-1] o.s.web.servlet.DispatcherServlet        : Initializing Servlet 'dispatcherServlet'
2021-12-30 19:39:36.373  INFO 21544 --- [XNIO-1 task-1] o.s.web.servlet.DispatcherServlet        : Completed initialization in 7 ms
2021-12-30 19:39:36.401  INFO 21544 --- [XNIO-1 task-1] l.server.io.HandshakeInterceptorImpl     : Incoming connection from /127.0.0.1:63887
2021-12-30 19:39:36.465  INFO 21544 --- [XNIO-1 task-1] lavalink.server.io.SocketServer          : Connection successfully established from Victoria/5.2.5.0
2021-12-30 19:48:47.629  INFO 21544 --- [XNIO-1 task-2] l.server.player.AudioLoaderRestHandler   : Got request to load for identifier "ytsearch:haha"
2021-12-30 19:48:48.992  INFO 21544 --- [lava-daemon-pool-info-loader-2-thread-1] lavalink.server.player.AudioLoader       : Loaded playlist Search results for: haha
2021-12-30 19:48:49.209  INFO 21544 --- [XNIO-1 I/O-11] lavalink.server.io.SocketServer          : {"track":"QAAAaAIABEhBSEEACkxpbCBEYXJraWUAAAAAAAJxAAALUVhYWFNSUWQ0VEkAAQAraHR0cHM6Ly93d3cueW91dHViZS5jb20vd2F0Y2g/dj1RWFhYU1JRZDRUSQAHeW91dHViZQAAAAAAAAAA","volume":100,"guildId":"585401041382539287","op":"play"}
2021-12-30 19:48:49.216  WARN 21544 --- [XNIO-1 I/O-11] lavalink.server.io.WebSocketHandlers     : The volume property in the play operation has been deprecatedand will be removed in v4. Please configure a filter instead. Note that the new filter takes a float value with 1.0 being 100%
2021-12-30 19:48:49.808  INFO 21544 --- [XNIO-1 I/O-11] lavalink.server.io.SocketServer          : {"guildId":"585401041382539287","sessionId":"409cfa98604398e08e8e9a58c8b5b755","event":{"token":"e3b47a56b3b8bd6b","endpoint":"rotterdam5846.discord.media:443"},"op":"voiceUpdate"}
2021-12-30 19:49:14.165  INFO 21544 --- [XNIO-1 I/O-11] lavalink.server.io.SocketServer          : {"volume":100,"guildId":"585401041382539287","op":"volume"}
2021-12-30 19:50:33.793  INFO 21544 --- [XNIO-1 task-4] l.server.player.AudioLoaderRestHandler   : Got request to load for identifier "ytsearch:two steps"
2021-12-30 19:50:34.387  INFO 21544 --- [lava-daemon-pool-info-loader-2-thread-1] lavalink.server.player.AudioLoader       : Loaded playlist Search results for: two steps
2021-12-30 19:50:43.595  INFO 21544 --- [XNIO-1 task-6] l.server.player.AudioLoaderRestHandler   : Got request to load for identifier "ytsearch:two steps from"
2021-12-30 19:50:44.157  INFO 21544 --- [lava-daemon-pool-info-loader-2-thread-1] lavalink.server.player.AudioLoader       : Loaded playlist Search results for: two steps from
2021-12-30 19:50:48.926  INFO 21544 --- [XNIO-1 I/O-11] lavalink.server.io.SocketServer          : {"track":"QAAAjQIAKUVkIFNoZWVyYW4gLSAyc3RlcCBbT2ZmaWNpYWwgTHlyaWMgVmlkZW9dAApFZCBTaGVlcmFuAAAAAAACaTAACzNkNklLSzd0bVhZAAEAK2h0dHBzOi8vd3d3LnlvdXR1YmUuY29tL3dhdGNoP3Y9M2Q2SUtLN3RtWFkAB3lvdXR1YmUAAAAAAAAAAA==","volume":100,"guildId":"585401041382539287","op":"play"}
2021-12-30 19:50:48.930  INFO 21544 --- [XNIO-1 I/O-11] lavalink.server.io.SocketServer          : {"track":"QAAAvQIAWFR3byBTdGVwcyBGcm9tIEhlbGwgLSAyNSBUcmFja3MgQmVzdCBvZiBBbGwgVGltZSB8IE1vc3QgUG93ZXJmdWwgRXBpYyBNdXNpYyBNaXggW1BhcnQgMV0AC0ZyZXlhIE11c2ljAAAAAABJo5AACzlPNF9hd0VIaDFnAAEAK2h0dHBzOi8vd3d3LnlvdXR1YmUuY29tL3dhdGNoP3Y9OU80X2F3RUhoMWcAB3lvdXR1YmUAAAAAAAAAAA==","volume":100,"guildId":"585401041382539287","op":"play"}
2021-12-30 19:53:10.703  INFO 21544 --- [XNIO-1 I/O-11] lavalink.server.io.SocketServer          : Connection closed from /127.0.0.1:63887 -- CloseStatus[code=1006, reason=]
2021-12-30 19:53:10.704  INFO 21544 --- [XNIO-1 I/O-11] lavalink.server.io.SocketContext         : Shutting down 1 playing players.
2021-12-30 19:54:29.791  INFO 21544 --- [XNIO-1 task-8] l.server.io.HandshakeInterceptorImpl     : Incoming connection from /127.0.0.1:56053
2021-12-30 19:54:29.798  INFO 21544 --- [XNIO-1 task-8] lavalink.server.io.SocketServer          : Connection successfully established from Victoria/5.2.5.0
2021-12-30 19:57:07.281  INFO 6732 --- [main] lavalink.server.Launcher                 : 

[32m       .  [31m _                  _ _       _    [32m__ _ _
[32m      /\\ [31m| | __ ___   ____ _| (_)_ __ | | __[32m\ \ \ \
[32m     ( ( )[31m| |/ _` \ \ / / _` | | | '_ \| |/ /[32m \ \ \ \
[32m      \\/ [31m| | (_| |\ V / (_| | | | | | |   < [32m  ) ) ) )
[32m       '  [31m|_|\__,_| \_/ \__,_|_|_|_| |_|_|\_\[32m / / / /
[0m    =========================================[32m/_/_/_/[0m

	Version:        5635ef4c5223b73572a2578c5babdb06ddb7a4f6-SNAPSHOT
	Build:          1316
	Build time:     29.12.2021 10:23:39 UTC
	Branch          master
	Commit:         5635ef4
	Commit time:    29.12.2021 10:18:59 UTC
	JVM:            17.0.1
	Lavaplayer      1.3.96-original

2021-12-30 19:57:07.324  INFO 6732 --- [main] o.s.boot.SpringApplication               : 
  .   ____          _            __ _ _
 /\\ / ___'_ __ _ _(_)_ __  __ _ \ \ \ \
( ( )\___ | '_ | '_| | '_ \/ _` | \ \ \ \
 \\/  ___)| |_)| | | | | || (_| |  ) ) ) )
  '  |____| .__|_| |_|_| |_\__, | / / / /
 =========|_|==============|___/=/_/_/_/
 :: Spring Boot ::        (v2.1.8.RELEASE)


2021-12-30 19:57:07.434  INFO 6732 --- [main] lavalink.server.Launcher                 : Starting Launcher on LAPTOP-QA9BB944 with PID 6732 (C:\Users\Jaap\source\repos\StreamMusicBot\Start\Lavalink.jar started by Jaap in C:\Users\Jaap\source\repos\StreamMusicBot\Start)
2021-12-30 19:57:07.435  INFO 6732 --- [main] lavalink.server.Launcher                 : No active profile set, falling back to default profiles: default
2021-12-30 19:57:07.519  WARN 6732 --- [background-preinit] o.s.h.c.j.Jackson2ObjectMapperBuilder    : For Jackson Kotlin classes support please add "com.fasterxml.jackson.module:jackson-module-kotlin" to the classpath
2021-12-30 19:57:08.704  WARN 6732 --- [main] io.undertow.websockets.jsr               : UT026010: Buffer pool was not set on WebSocketDeploymentInfo, the default pool will be used
2021-12-30 19:57:08.731  INFO 6732 --- [main] io.undertow.servlet                      : Initializing Spring embedded WebApplicationContext
2021-12-30 19:57:08.731  INFO 6732 --- [main] o.s.web.context.ContextLoader            : Root WebApplicationContext: initialization completed in 1244 ms
2021-12-30 19:57:09.137  WARN 6732 --- [main] l.server.config.SentryConfiguration      : Turning off sentry
2021-12-30 19:57:09.465  INFO 6732 --- [main] c.s.d.l.tools.GarbageCollectionMonitor   : GC monitoring enabled, reporting results every 2 minutes.
2021-12-30 19:57:09.683  INFO 6732 --- [main] lavalink.server.config.KoeConfiguration  : OS: Windows 10, Arch: amd64
2021-12-30 19:57:09.684  WARN 6732 --- [main] lavalink.server.config.KoeConfiguration  : This system and architecture appears to not support native audio sending! GC pauses may cause your bot to stutter during playback.
2021-12-30 19:57:09.937  INFO 6732 --- [main] o.s.s.concurrent.ThreadPoolTaskExecutor  : Initializing ExecutorService 'applicationTaskExecutor'
2021-12-30 19:57:10.258  INFO 6732 --- [main] org.xnio                                 : XNIO version 3.3.8.Final
2021-12-30 19:57:10.271  INFO 6732 --- [main] org.xnio.nio                             : XNIO NIO Implementation Version 3.3.8.Final
2021-12-30 19:57:10.347  INFO 6732 --- [main] o.s.b.w.e.u.UndertowServletWebServer     : Undertow started on port(s) 2333 (http) with context path ''
2021-12-30 19:57:10.353  INFO 6732 --- [main] lavalink.server.Launcher                 : Started Launcher in 3.608 seconds (JVM running for 4.113)
2021-12-30 19:57:10.354  INFO 6732 --- [main] lavalink.server.Launcher                 : You can safely ignore the big red warning about illegal reflection. See https://github.com/freyacodes/Lavalink/issues/295
2021-12-30 19:57:19.719  INFO 6732 --- [XNIO-1 task-1] io.undertow.servlet                      : Initializing Spring DispatcherServlet 'dispatcherServlet'
2021-12-30 19:57:19.720  INFO 6732 --- [XNIO-1 task-1] o.s.web.servlet.DispatcherServlet        : Initializing Servlet 'dispatcherServlet'
2021-12-30 19:57:19.728  INFO 6732 --- [XNIO-1 task-1] o.s.web.servlet.DispatcherServlet        : Completed initialization in 7 ms
2021-12-30 19:57:19.756  INFO 6732 --- [XNIO-1 task-1] l.server.io.HandshakeInterceptorImpl     : Incoming connection from /127.0.0.1:56138
2021-12-30 19:57:19.833  INFO 6732 --- [XNIO-1 task-1] lavalink.server.io.SocketServer          : Connection successfully established from Victoria/5.2.5.0
2021-12-30 19:57:29.606  INFO 6732 --- [XNIO-1 task-2] l.server.player.AudioLoaderRestHandler   : Got request to load for identifier "ytsearch:haha"
2021-12-30 19:57:30.606  INFO 6732 --- [lava-daemon-pool-info-loader-2-thread-1] lavalink.server.player.AudioLoader       : Loaded playlist Search results for: haha
2021-12-30 19:57:30.772  INFO 6732 --- [XNIO-1 I/O-2] lavalink.server.io.SocketServer          : {"track":"QAAAaAIABEhBSEEACkxpbCBEYXJraWUAAAAAAAJxAAALUVhYWFNSUWQ0VEkAAQAraHR0cHM6Ly93d3cueW91dHViZS5jb20vd2F0Y2g/dj1RWFhYU1JRZDRUSQAHeW91dHViZQAAAAAAAAAA","volume":100,"guildId":"585401041382539287","op":"play"}
2021-12-30 19:57:30.783  WARN 6732 --- [XNIO-1 I/O-2] lavalink.server.io.WebSocketHandlers     : The volume property in the play operation has been deprecatedand will be removed in v4. Please configure a filter instead. Note that the new filter takes a float value with 1.0 being 100%
2021-12-30 19:57:31.130  INFO 6732 --- [XNIO-1 I/O-2] lavalink.server.io.SocketServer          : {"guildId":"585401041382539287","sessionId":"370efdf48086208618f1f6ae7625fe48","event":{"token":"a1bbd5bdacb22169","endpoint":"rotterdam3574.discord.media:443"},"op":"voiceUpdate"}
2021-12-30 19:57:53.391  INFO 6732 --- [XNIO-1 I/O-2] lavalink.server.io.SocketServer          : {"position":31520,"guildId":"585401041382539287","op":"seek"}
2021-12-30 19:58:01.767  INFO 6732 --- [XNIO-1 I/O-2] lavalink.server.io.SocketServer          : {"position":43941,"guildId":"585401041382539287","op":"seek"}
2021-12-30 19:58:08.885  INFO 6732 --- [XNIO-1 I/O-2] lavalink.server.io.SocketServer          : {"position":76841,"guildId":"585401041382539287","op":"seek"}
2021-12-30 20:02:45.283  INFO 6732 --- [XNIO-1 I/O-2] lavalink.server.io.SocketServer          : Connection closed from /127.0.0.1:56138 -- CloseStatus[code=1006, reason=]
2021-12-30 20:02:45.283  INFO 6732 --- [XNIO-1 I/O-2] lavalink.server.io.SocketContext         : Shutting down 0 playing players.
2021-12-30 20:02:51.306  INFO 6732 --- [XNIO-1 task-4] l.server.io.HandshakeInterceptorImpl     : Incoming connection from /127.0.0.1:56442
2021-12-30 20:02:51.311  INFO 6732 --- [XNIO-1 task-4] lavalink.server.io.SocketServer          : Connection successfully established from Victoria/5.2.5.0
2021-12-30 20:02:57.668  INFO 6732 --- [XNIO-1 task-5] l.server.player.AudioLoaderRestHandler   : Got request to load for identifier "ytsearch:asd"
2021-12-30 20:02:58.733  INFO 6732 --- [lava-daemon-pool-info-loader-2-thread-1] lavalink.server.player.AudioLoader       : Loaded playlist Search results for: asd
2021-12-30 20:02:58.865  INFO 6732 --- [XNIO-1 I/O-6] lavalink.server.io.SocketServer          : {"track":"QAAAkwIAJkF0cmlhbCBTZXB0YWwgRGVmZWN0IChBU0QpLCBBbmltYXRpb24uABNBbGlsYSBNZWRpY2FsIE1lZGlhAAAAAAAC/aAAC08zYjVpZDlaSWRZAAEAK2h0dHBzOi8vd3d3LnlvdXR1YmUuY29tL3dhdGNoP3Y9TzNiNWlkOVpJZFkAB3lvdXR1YmUAAAAAAAAAAA==","volume":100,"guildId":"585401041382539287","op":"play"}
2021-12-30 20:02:59.822  INFO 6732 --- [XNIO-1 I/O-6] lavalink.server.io.SocketServer          : {"guildId":"585401041382539287","sessionId":"c222c0ee38e51c1a97b311ae1d3027df","event":{"token":"a1bbd5bdacb22169","endpoint":"rotterdam3574.discord.media:443"},"op":"voiceUpdate"}
2021-12-30 20:03:00.131  INFO 6732 --- [lava-daemon-pool-playback-1-thread-1] c.s.l.c.natives.NativeLibraryLoader      : Native library libmpg123-0: loading with filter com.sedmelluq.discord.lavaplayer.natives.ConnectorNativeLibLoader$$Lambda$627/0x00000008012c7d70@1b281fab
2021-12-30 20:03:00.165  INFO 6732 --- [lava-daemon-pool-playback-1-thread-1] c.s.l.c.natives.NativeLibraryLoader      : Native library libmpg123-0: successfully loaded.
2021-12-30 20:03:00.166  INFO 6732 --- [lava-daemon-pool-playback-1-thread-1] c.s.l.c.natives.NativeLibraryLoader      : Native library connector: loading with filter null
2021-12-30 20:03:00.231  INFO 6732 --- [lava-daemon-pool-playback-1-thread-1] c.s.l.c.natives.NativeLibraryLoader      : Native library connector: successfully loaded.
2021-12-30 20:03:48.561  INFO 6732 --- [XNIO-1 I/O-6] lavalink.server.io.SocketServer          : Connection closed from /127.0.0.1:56442 -- CloseStatus[code=1006, reason=]
2021-12-30 20:03:48.562  INFO 6732 --- [XNIO-1 I/O-6] lavalink.server.io.SocketContext         : Shutting down 1 playing players.
2021-12-30 20:03:54.412  INFO 6732 --- [XNIO-1 task-7] l.server.io.HandshakeInterceptorImpl     : Incoming connection from /127.0.0.1:56456
2021-12-30 20:03:54.416  INFO 6732 --- [XNIO-1 task-7] lavalink.server.io.SocketServer          : Connection successfully established from Victoria/5.2.5.0
2021-12-30 20:04:08.665  INFO 6732 --- [XNIO-1 task-8] l.server.player.AudioLoaderRestHandler   : Got request to load for identifier "ytsearch:lalala"
2021-12-30 20:04:09.291  INFO 6732 --- [lava-daemon-pool-info-loader-2-thread-1] lavalink.server.player.AudioLoader       : Loaded playlist Search results for: lalala
2021-12-30 20:04:09.447  INFO 6732 --- [XNIO-1 I/O-8] lavalink.server.io.SocketServer          : {"track":"QAAAgQIAJFkySywgYmJubyQgLSBMYWxhbGEgKE9mZmljaWFsIFZpZGVvKQADWTJLAAAAAAACt1AAC04yWTJ2US0xbTdNAAEAK2h0dHBzOi8vd3d3LnlvdXR1YmUuY29tL3dhdGNoP3Y9TjJZMnZRLTFtN00AB3lvdXR1YmUAAAAAAAAAAA==","volume":100,"guildId":"585401041382539287","op":"play"}
2021-12-30 20:04:09.817  INFO 6732 --- [XNIO-1 I/O-8] lavalink.server.io.SocketServer          : {"guildId":"585401041382539287","sessionId":"666e4e452c2d5888f52d5bb8c61ca644","event":{"token":"a1bbd5bdacb22169","endpoint":"rotterdam3574.discord.media:443"},"op":"voiceUpdate"}
2021-12-30 20:04:18.228  INFO 6732 --- [XNIO-1 I/O-8] lavalink.server.io.SocketServer          : {"position":36940,"guildId":"585401041382539287","op":"seek"}
2021-12-30 20:04:26.309  INFO 6732 --- [XNIO-1 I/O-8] lavalink.server.io.SocketServer          : {"position":137941,"guildId":"585401041382539287","op":"seek"}
2021-12-30 20:04:33.132  INFO 6732 --- [XNIO-1 I/O-8] lavalink.server.io.SocketServer          : {"position":177121,"guildId":"585401041382539287","op":"seek"}
2021-12-30 20:07:31.018  INFO 6732 --- [XNIO-1 I/O-8] lavalink.server.io.SocketServer          : Connection closed from /127.0.0.1:56456 -- CloseStatus[code=1006, reason=]
2021-12-30 20:07:31.019  INFO 6732 --- [XNIO-1 I/O-8] lavalink.server.io.SocketContext         : Shutting down 0 playing players.
2021-12-30 20:07:56.184  INFO 6732 --- [XNIO-1 task-10] l.server.io.HandshakeInterceptorImpl     : Incoming connection from /127.0.0.1:56473
2021-12-30 20:07:56.189  INFO 6732 --- [XNIO-1 task-10] lavalink.server.io.SocketServer          : Connection successfully established from Victoria/5.2.5.0
2021-12-30 20:08:18.589  INFO 6732 --- [XNIO-1 I/O-1] lavalink.server.io.SocketServer          : Connection closed from /127.0.0.1:56473 -- CloseStatus[code=1006, reason=]
2021-12-30 20:08:18.590  INFO 6732 --- [XNIO-1 I/O-1] lavalink.server.io.SocketContext         : Shutting down 0 playing players.
2021-12-30 20:09:25.491  INFO 6732 --- [XNIO-1 task-11] l.server.io.HandshakeInterceptorImpl     : Incoming connection from /127.0.0.1:56479
2021-12-30 20:09:25.495  INFO 6732 --- [XNIO-1 task-11] lavalink.server.io.SocketServer          : Connection successfully established from Victoria/5.2.5.0
2021-12-30 20:09:32.003  INFO 6732 --- [XNIO-1 task-12] l.server.player.AudioLoaderRestHandler   : Got request to load for identifier "ytsearch:hard"
2021-12-30 20:09:33.073  INFO 6732 --- [lava-daemon-pool-info-loader-2-thread-1] lavalink.server.player.AudioLoader       : Loaded playlist Search results for: hard
2021-12-30 20:09:33.206  INFO 6732 --- [XNIO-1 I/O-7] lavalink.server.io.SocketServer          : {"track":"QAAAkAIAL1JpaGFubmEgLSBIYXJkIChPZmZpY2lhbCBNdXNpYyBWaWRlbykgZnQuIEplZXp5AAdSaWhhbm5hAAAAAAAD2GAAC1hjd2RfTno2Wm9nAAEAK2h0dHBzOi8vd3d3LnlvdXR1YmUuY29tL3dhdGNoP3Y9WGN3ZF9OejZab2cAB3lvdXR1YmUAAAAAAAAAAA==","volume":100,"guildId":"585401041382539287","op":"play"}
2021-12-30 20:09:33.635  INFO 6732 --- [XNIO-1 I/O-7] lavalink.server.io.SocketServer          : {"guildId":"585401041382539287","sessionId":"690818097deda49fd67420784767aac3","event":{"token":"e3ae0353fdadba1a","endpoint":"rotterdam3574.discord.media:443"},"op":"voiceUpdate"}
2021-12-30 20:09:38.619  INFO 6732 --- [XNIO-1 I/O-7] lavalink.server.io.SocketServer          : {"position":42520,"guildId":"585401041382539287","op":"seek"}
2021-12-30 20:11:25.356  INFO 6732 --- [XNIO-1 I/O-7] lavalink.server.io.SocketServer          : Connection closed from /127.0.0.1:56479 -- CloseStatus[code=1006, reason=]
2021-12-30 20:11:25.356  INFO 6732 --- [XNIO-1 I/O-7] lavalink.server.io.SocketContext         : Shutting down 1 playing players.
2021-12-30 20:12:36.911  INFO 6732 --- [XNIO-1 task-14] l.server.io.HandshakeInterceptorImpl     : Incoming connection from /127.0.0.1:56498
2021-12-30 20:12:36.917  INFO 6732 --- [XNIO-1 task-14] lavalink.server.io.SocketServer          : Connection successfully established from Victoria/5.2.5.0
2021-12-30 20:13:45.000  INFO 6732 --- [XNIO-1 I/O-2] lavalink.server.io.SocketServer          : Connection closed from /127.0.0.1:56498 -- CloseStatus[code=1006, reason=]
2021-12-30 20:13:45.004  INFO 6732 --- [XNIO-1 I/O-2] lavalink.server.io.SocketContext         : Shutting down 0 playing players.
2021-12-30 20:13:52.629  INFO 6732 --- [XNIO-1 task-15] l.server.io.HandshakeInterceptorImpl     : Incoming connection from /127.0.0.1:56508
2021-12-30 20:13:52.633  INFO 6732 --- [XNIO-1 task-15] lavalink.server.io.SocketServer          : Connection successfully established from Victoria/5.2.5.0
2021-12-30 20:14:29.559  INFO 6732 --- [XNIO-1 task-16] l.server.player.AudioLoaderRestHandler   : Got request to load for identifier "ytsearch:queue"
2021-12-30 20:14:30.549  INFO 6732 --- [lava-daemon-pool-info-loader-2-thread-1] lavalink.server.player.AudioLoader       : Loaded playlist Search results for: queue
2021-12-30 20:14:30.685  INFO 6732 --- [XNIO-1 I/O-12] lavalink.server.io.SocketServer          : {"track":"QAAAgAIAHkZvcnRuaXRlIFNlcnZlcnMgYXJlIE9GRkxJTkUhIQAIU3lwaGVyUEsAAAAAAAeo8AALRXczUk5zTXhYUjAAAQAraHR0cHM6Ly93d3cueW91dHViZS5jb20vd2F0Y2g/dj1FdzNSTnNNeFhSMAAHeW91dHViZQAAAAAAAAAA","volume":100,"guildId":"585401041382539287","op":"play"}
2021-12-30 20:14:31.100  INFO 6732 --- [XNIO-1 I/O-12] lavalink.server.io.SocketServer          : {"guildId":"585401041382539287","sessionId":"a0e512eed0260f97e41e27029bb9339d","event":{"token":"4be072d99d3c522c","endpoint":"rotterdam3574.discord.media:443"},"op":"voiceUpdate"}
2021-12-30 20:15:46.467  INFO 6732 --- [XNIO-1 I/O-12] lavalink.server.io.SocketServer          : Connection closed from /127.0.0.1:56508 -- CloseStatus[code=1006, reason=]
2021-12-30 20:15:46.469  INFO 6732 --- [XNIO-1 I/O-12] lavalink.server.io.SocketContext         : Shutting down 1 playing players.
