2022-01-29 21:02:35.609  INFO 39184 --- [main] lavalink.server.Launcher                 : 

[32m       .  [31m _                  _ _       _    [32m__ _ _
[32m      /\\ [31m| | __ ___   ____ _| (_)_ __ | | __[32m\ \ \ \
[32m     ( ( )[31m| |/ _` \ \ / / _` | | | '_ \| |/ /[32m \ \ \ \
[32m      \\/ [31m| | (_| |\ V / (_| | | | | | |   < [32m  ) ) ) )
[32m       '  [31m|_|\__,_| \_/ \__,_|_|_|_| |_|_|\_\[32m / / / /
[0m    =========================================[32m/_/_/_/[0m

	Version:        5f8b815a98009da98fff9d49e0ab1725145546fc-SNAPSHOT
	Build:          1330
	Build time:     12.01.2022 13:53:20 UTC
	Branch          master
	Commit:         5f8b815
	Commit time:    12.01.2022 13:47:45 UTC
	JVM:            11.0.9
	Lavaplayer      1.3.96-original

2022-01-29 21:02:35.658  INFO 39184 --- [main] o.s.boot.SpringApplication               : 
  .   ____          _            __ _ _
 /\\ / ___'_ __ _ _(_)_ __  __ _ \ \ \ \
( ( )\___ | '_ | '_| | '_ \/ _` | \ \ \ \
 \\/  ___)| |_)| | | | | || (_| |  ) ) ) )
  '  |____| .__|_| |_|_| |_\__, | / / / /
 =========|_|==============|___/=/_/_/_/
 :: Spring Boot ::        (v2.1.8.RELEASE)


2022-01-29 21:02:35.731  INFO 39184 --- [main] lavalink.server.Launcher                 : Starting Launcher on Computer-slaapkamer with PID 39184 (C:\Repos\StreamMusicBot\Start\lavalink\Lavalink.jar started by dijkv in C:\Repos\StreamMusicBot\Start\lavalink)
2022-01-29 21:02:35.732  INFO 39184 --- [main] lavalink.server.Launcher                 : No active profile set, falling back to default profiles: default
2022-01-29 21:02:35.796  WARN 39184 --- [background-preinit] o.s.h.c.j.Jackson2ObjectMapperBuilder    : For Jackson Kotlin classes support please add "com.fasterxml.jackson.module:jackson-module-kotlin" to the classpath
2022-01-29 21:02:36.838  WARN 39184 --- [main] io.undertow.websockets.jsr               : UT026010: Buffer pool was not set on WebSocketDeploymentInfo, the default pool will be used
2022-01-29 21:02:36.860  INFO 39184 --- [main] io.undertow.servlet                      : Initializing Spring embedded WebApplicationContext
2022-01-29 21:02:36.861  INFO 39184 --- [main] o.s.web.context.ContextLoader            : Root WebApplicationContext: initialization completed in 1092 ms
2022-01-29 21:02:37.157  WARN 39184 --- [main] l.server.config.SentryConfiguration      : Turning off sentry
2022-01-29 21:02:37.397  INFO 39184 --- [main] c.s.d.l.tools.GarbageCollectionMonitor   : GC monitoring enabled, reporting results every 2 minutes.
2022-01-29 21:02:37.545  INFO 39184 --- [main] lavalink.server.config.KoeConfiguration  : OS: Windows 10, Arch: amd64
2022-01-29 21:02:37.545  WARN 39184 --- [main] lavalink.server.config.KoeConfiguration  : This system and architecture appears to not support native audio sending! GC pauses may cause your bot to stutter during playback.
2022-01-29 21:02:37.733  INFO 39184 --- [main] o.s.s.concurrent.ThreadPoolTaskExecutor  : Initializing ExecutorService 'applicationTaskExecutor'
2022-01-29 21:02:38.004  INFO 39184 --- [main] org.xnio                                 : XNIO version 3.3.8.Final
2022-01-29 21:02:38.013  INFO 39184 --- [main] org.xnio.nio                             : XNIO NIO Implementation Version 3.3.8.Final
2022-01-29 21:02:38.057  INFO 39184 --- [main] o.s.b.w.e.u.UndertowServletWebServer     : Undertow started on port(s) 2333 (http) with context path ''
2022-01-29 21:02:38.061  INFO 39184 --- [main] lavalink.server.Launcher                 : Started Launcher in 2.892 seconds (JVM running for 3.336)
2022-01-29 21:02:38.062  INFO 39184 --- [main] lavalink.server.Launcher                 : You can safely ignore the big red warning about illegal reflection. See https://github.com/freyacodes/Lavalink/issues/295
2022-01-29 21:02:49.853  INFO 39184 --- [XNIO-1 task-1] io.undertow.servlet                      : Initializing Spring DispatcherServlet 'dispatcherServlet'
2022-01-29 21:02:49.853  INFO 39184 --- [XNIO-1 task-1] o.s.web.servlet.DispatcherServlet        : Initializing Servlet 'dispatcherServlet'
2022-01-29 21:02:49.860  INFO 39184 --- [XNIO-1 task-1] o.s.web.servlet.DispatcherServlet        : Completed initialization in 6 ms
2022-01-29 21:02:49.878  INFO 39184 --- [XNIO-1 task-1] l.server.io.HandshakeInterceptorImpl     : Incoming connection from /127.0.0.1:52851
2022-01-29 21:02:49.938  INFO 39184 --- [XNIO-1 task-1] lavalink.server.io.SocketServer          : Connection successfully established from Victoria/5.2.5.0
2022-01-29 21:03:00.080  INFO 39184 --- [XNIO-1 task-2] l.server.player.AudioLoaderRestHandler   : Got request to load for identifier "ytsearch:!play https://youtu.be/M991OLPW_jw"
2022-01-29 21:03:00.805  INFO 39184 --- [lava-daemon-pool-info-loader-2-thread-1] lavalink.server.player.AudioLoader       : Loaded playlist Search results for: !play https://youtu.be/M991OLPW_jw
2022-01-29 21:03:00.909  INFO 39184 --- [XNIO-1 I/O-3] lavalink.server.io.SocketServer          : {"track":"QAAAkAIALFN0aW5reSBzb25nIFNlc3NhbWUgc3RyZWV0IHBhcm9keSAtIEZ1Y2sgaXQhAApNZWdhY2FtcGVyAAAAAAABtYAAC005OTFPTFBXX2p3AAEAK2h0dHBzOi8vd3d3LnlvdXR1YmUuY29tL3dhdGNoP3Y9TTk5MU9MUFdfancAB3lvdXR1YmUAAAAAAAAAAA==","volume":100,"guildId":"645259650132082709","op":"play"}
2022-01-29 21:03:00.913  WARN 39184 --- [XNIO-1 I/O-3] lavalink.server.io.WebSocketHandlers     : The volume property in the play operation has been deprecatedand will be removed in v4. Please configure a filter instead. Note that the new filter takes a float value with 1.0 being 100%
2022-01-29 21:03:01.330  INFO 39184 --- [XNIO-1 I/O-3] lavalink.server.io.SocketServer          : {"guildId":"645259650132082709","sessionId":"452c2bd9b93caa3ef926a96d32f5832a","event":{"token":"138fd1feca501846","endpoint":"rotterdam7294.discord.media:443"},"op":"voiceUpdate"}
2022-01-29 21:05:15.449  INFO 39184 --- [XNIO-1 task-4] l.server.player.AudioLoaderRestHandler   : Got request to load for identifier "ytsearch:https://open.spotify.com/track/5xQwcl8SpLge96A9IUI2aF?si=4194b9760d9a4ac2"
2022-01-29 21:05:15.777  INFO 39184 --- [lava-daemon-pool-info-loader-2-thread-1] lavalink.server.player.AudioLoader       : No matches found
2022-01-29 21:08:56.230  INFO 39184 --- [XNIO-1 task-6] l.server.player.AudioLoaderRestHandler   : Got request to load for identifier "ytsearch:https://open.spotify.com/track/5xQwcl8SpLge96A9IUI2aF?si=4194b9760d9a4ac2"
2022-01-29 21:08:56.525  INFO 39184 --- [lava-daemon-pool-info-loader-2-thread-1] lavalink.server.player.AudioLoader       : No matches found
2022-01-29 21:25:32.283  INFO 39184 --- [XNIO-1 task-8] l.server.player.AudioLoaderRestHandler   : Got request to load for identifier "ytsearch:https://open.spotify.com/track/5iePETUVbEmGV8RklyuaLI?si=1655a9a33c644823"
2022-01-29 21:25:32.603  INFO 39184 --- [lava-daemon-pool-info-loader-2-thread-1] lavalink.server.player.AudioLoader       : No matches found
2022-01-29 21:26:43.360  INFO 39184 --- [XNIO-1 task-10] l.server.player.AudioLoaderRestHandler   : Got request to load for identifier "ytsearch:https://open.spotify.com/track/1cSXzDZt8vzuUp2XREQEJN?si=50f3c5244d9743ec"
2022-01-29 21:26:43.690  INFO 39184 --- [lava-daemon-pool-info-loader-2-thread-1] lavalink.server.player.AudioLoader       : No matches found
2022-01-29 21:29:06.265  INFO 39184 --- [XNIO-1 task-12] l.server.player.AudioLoaderRestHandler   : Got request to load for identifier "ytsearch:https://www.youtube.com/watch?v=CN3cgkGwtq0"
2022-01-29 21:29:06.778  INFO 39184 --- [lava-daemon-pool-info-loader-2-thread-1] lavalink.server.player.AudioLoader       : Loaded playlist Search results for: https://www.youtube.com/watch?v=CN3cgkGwtq0
2022-01-29 21:29:06.781  INFO 39184 --- [XNIO-1 I/O-3] lavalink.server.io.SocketServer          : {"track":"QAAAfgIAF1RpbSBTY2hhdWZlcnQgLSBKb3VybmV5AA1UaW0gU2NoYXVmZXJ0AAAAAAADrWgAC0NOM2Nna0d3dHEwAAEAK2h0dHBzOi8vd3d3LnlvdXR1YmUuY29tL3dhdGNoP3Y9Q04zY2drR3d0cTAAB3lvdXR1YmUAAAAAAAAAAA==","volume":100,"guildId":"645259650132082709","op":"play"}
2022-01-29 21:32:05.743  INFO 39184 --- [XNIO-1 I/O-3] lavalink.server.io.SocketServer          : Connection closed from /127.0.0.1:52851 -- CloseStatus[code=1006, reason=]
2022-01-29 21:32:05.743  INFO 39184 --- [XNIO-1 I/O-3] lavalink.server.io.SocketContext         : Shutting down 1 playing players.
2022-01-29 21:33:06.890  INFO 29600 --- [main] lavalink.server.Launcher                 : 

[32m       .  [31m _                  _ _       _    [32m__ _ _
[32m      /\\ [31m| | __ ___   ____ _| (_)_ __ | | __[32m\ \ \ \
[32m     ( ( )[31m| |/ _` \ \ / / _` | | | '_ \| |/ /[32m \ \ \ \
[32m      \\/ [31m| | (_| |\ V / (_| | | | | | |   < [32m  ) ) ) )
[32m       '  [31m|_|\__,_| \_/ \__,_|_|_|_| |_|_|\_\[32m / / / /
[0m    =========================================[32m/_/_/_/[0m

	Version:        5f8b815a98009da98fff9d49e0ab1725145546fc-SNAPSHOT
	Build:          1330
	Build time:     12.01.2022 13:53:20 UTC
	Branch          master
	Commit:         5f8b815
	Commit time:    12.01.2022 13:47:45 UTC
	JVM:            11.0.9
	Lavaplayer      1.3.96-original

2022-01-29 21:33:06.922  INFO 29600 --- [main] o.s.boot.SpringApplication               : 
  .   ____          _            __ _ _
 /\\ / ___'_ __ _ _(_)_ __  __ _ \ \ \ \
( ( )\___ | '_ | '_| | '_ \/ _` | \ \ \ \
 \\/  ___)| |_)| | | | | || (_| |  ) ) ) )
  '  |____| .__|_| |_|_| |_\__, | / / / /
 =========|_|==============|___/=/_/_/_/
 :: Spring Boot ::        (v2.1.8.RELEASE)


2022-01-29 21:33:06.984  INFO 29600 --- [main] lavalink.server.Launcher                 : Starting Launcher on Computer-slaapkamer with PID 29600 (C:\Repos\StreamMusicBot\Start\lavalink\Lavalink.jar started by dijkv in C:\Repos\StreamMusicBot\Start\lavalink)
2022-01-29 21:33:06.985  INFO 29600 --- [main] lavalink.server.Launcher                 : No active profile set, falling back to default profiles: default
2022-01-29 21:33:07.036  WARN 29600 --- [background-preinit] o.s.h.c.j.Jackson2ObjectMapperBuilder    : For Jackson Kotlin classes support please add "com.fasterxml.jackson.module:jackson-module-kotlin" to the classpath
2022-01-29 21:33:07.935  WARN 29600 --- [main] io.undertow.websockets.jsr               : UT026010: Buffer pool was not set on WebSocketDeploymentInfo, the default pool will be used
2022-01-29 21:33:07.956  INFO 29600 --- [main] io.undertow.servlet                      : Initializing Spring embedded WebApplicationContext
2022-01-29 21:33:07.956  INFO 29600 --- [main] o.s.web.context.ContextLoader            : Root WebApplicationContext: initialization completed in 941 ms
2022-01-29 21:33:08.208  WARN 29600 --- [main] l.server.config.SentryConfiguration      : Turning off sentry
2022-01-29 21:33:08.435  INFO 29600 --- [main] c.s.d.l.tools.GarbageCollectionMonitor   : GC monitoring enabled, reporting results every 2 minutes.
2022-01-29 21:33:08.563  INFO 29600 --- [main] lavalink.server.config.KoeConfiguration  : OS: Windows 10, Arch: amd64
2022-01-29 21:33:08.564  WARN 29600 --- [main] lavalink.server.config.KoeConfiguration  : This system and architecture appears to not support native audio sending! GC pauses may cause your bot to stutter during playback.
2022-01-29 21:33:08.741  INFO 29600 --- [main] o.s.s.concurrent.ThreadPoolTaskExecutor  : Initializing ExecutorService 'applicationTaskExecutor'
2022-01-29 21:33:08.999  INFO 29600 --- [main] org.xnio                                 : XNIO version 3.3.8.Final
2022-01-29 21:33:09.010  INFO 29600 --- [main] org.xnio.nio                             : XNIO NIO Implementation Version 3.3.8.Final
2022-01-29 21:33:09.062  INFO 29600 --- [main] ConditionEvaluationReportLoggingListener : 

Error starting ApplicationContext. To display the conditions report re-run your application with 'debug' enabled.
2022-01-29 21:33:09.066 ERROR 29600 --- [main] lavalink.server.Launcher                 : Application failed

org.springframework.boot.web.server.PortInUseException: Port 2333 is already in use
	at org.springframework.boot.web.embedded.undertow.UndertowServletWebServer.start(UndertowServletWebServer.java:154) ~[spring-boot-2.1.8.RELEASE.jar!/:2.1.8.RELEASE]
	at org.springframework.boot.web.servlet.context.ServletWebServerApplicationContext.startWebServer(ServletWebServerApplicationContext.java:297) ~[spring-boot-2.1.8.RELEASE.jar!/:2.1.8.RELEASE]
	at org.springframework.boot.web.servlet.context.ServletWebServerApplicationContext.finishRefresh(ServletWebServerApplicationContext.java:163) ~[spring-boot-2.1.8.RELEASE.jar!/:2.1.8.RELEASE]
	at org.springframework.context.support.AbstractApplicationContext.refresh(AbstractApplicationContext.java:552) ~[spring-context-5.1.9.RELEASE.jar!/:5.1.9.RELEASE]
	at org.springframework.boot.web.servlet.context.ServletWebServerApplicationContext.refresh(ServletWebServerApplicationContext.java:141) ~[spring-boot-2.1.8.RELEASE.jar!/:2.1.8.RELEASE]
	at org.springframework.boot.SpringApplication.refresh(SpringApplication.java:744) ~[spring-boot-2.1.8.RELEASE.jar!/:2.1.8.RELEASE]
	at org.springframework.boot.SpringApplication.refreshContext(SpringApplication.java:391) ~[spring-boot-2.1.8.RELEASE.jar!/:2.1.8.RELEASE]
	at org.springframework.boot.SpringApplication.run(SpringApplication.java:312) ~[spring-boot-2.1.8.RELEASE.jar!/:2.1.8.RELEASE]
	at lavalink.server.Launcher.main(Launcher.kt:127) ~[classes!/:na]
	at java.base/jdk.internal.reflect.NativeMethodAccessorImpl.invoke0(Native Method) ~[na:na]
	at java.base/jdk.internal.reflect.NativeMethodAccessorImpl.invoke(NativeMethodAccessorImpl.java:62) ~[na:na]
	at java.base/jdk.internal.reflect.DelegatingMethodAccessorImpl.invoke(DelegatingMethodAccessorImpl.java:43) ~[na:na]
	at java.base/java.lang.reflect.Method.invoke(Method.java:566) ~[na:na]
	at org.springframework.boot.loader.MainMethodRunner.run(MainMethodRunner.java:48) ~[Lavalink.jar:na]
	at org.springframework.boot.loader.Launcher.launch(Launcher.java:87) ~[Lavalink.jar:na]
	at org.springframework.boot.loader.Launcher.launch(Launcher.java:51) ~[Lavalink.jar:na]
	at org.springframework.boot.loader.JarLauncher.main(JarLauncher.java:52) ~[Lavalink.jar:na]

2022-01-29 21:33:09.069 ERROR 29600 --- [main] o.s.b.d.LoggingFailureAnalysisReporter   : 

***************************
APPLICATION FAILED TO START
***************************

Description:

Web server failed to start. Port 2333 was already in use.

Action:

Identify and stop the process that's listening on port 2333 or configure this application to listen on another port.

2022-01-29 21:33:09.071  INFO 29600 --- [main] o.s.s.concurrent.ThreadPoolTaskExecutor  : Shutting down ExecutorService 'applicationTaskExecutor'
2022-01-29 21:33:09.072  INFO 29600 --- [main] c.s.d.l.tools.GarbageCollectionMonitor   : GC monitoring disabled.
2022-01-29 21:33:37.719  INFO 39184 --- [XNIO-1 task-14] l.server.io.HandshakeInterceptorImpl     : Incoming connection from /127.0.0.1:50263
2022-01-29 21:33:37.722  INFO 39184 --- [XNIO-1 task-14] lavalink.server.io.SocketServer          : Connection successfully established from Victoria/5.2.5.0
2022-01-29 21:33:40.582  INFO 39184 --- [XNIO-1 task-15] l.server.player.AudioLoaderRestHandler   : Got request to load for identifier "ytsearch:https://www.youtube.com/watch?v=CN3cgkGwtq0"
2022-01-29 21:33:41.164  INFO 39184 --- [lava-daemon-pool-info-loader-2-thread-1] lavalink.server.player.AudioLoader       : Loaded playlist Search results for: https://www.youtube.com/watch?v=CN3cgkGwtq0
2022-01-29 21:33:41.196  INFO 39184 --- [XNIO-1 I/O-7] lavalink.server.io.SocketServer          : {"track":"QAAAfgIAF1RpbSBTY2hhdWZlcnQgLSBKb3VybmV5AA1UaW0gU2NoYXVmZXJ0AAAAAAADrWgAC0NOM2Nna0d3dHEwAAEAK2h0dHBzOi8vd3d3LnlvdXR1YmUuY29tL3dhdGNoP3Y9Q04zY2drR3d0cTAAB3lvdXR1YmUAAAAAAAAAAA==","volume":100,"guildId":"645259650132082709","op":"play"}
2022-01-29 21:33:41.535  INFO 39184 --- [XNIO-1 I/O-7] lavalink.server.io.SocketServer          : {"guildId":"645259650132082709","sessionId":"0886918a53aa7a27f56023cf76869d0c","event":{"token":"fd4004edf182f4e0","endpoint":"rotterdam7294.discord.media:443"},"op":"voiceUpdate"}
2022-01-29 21:48:26.750  INFO 39184 --- [XNIO-1 task-17] l.server.player.AudioLoaderRestHandler   : Got request to load for identifier "ytsearch:veorra in the city"
2022-01-29 21:48:27.435  INFO 39184 --- [lava-daemon-pool-info-loader-2-thread-1] lavalink.server.player.AudioLoader       : Loaded playlist Search results for: veorra in the city
2022-01-29 21:48:27.454  INFO 39184 --- [XNIO-1 I/O-7] lavalink.server.io.SocketServer          : {"track":"QAAAcQIAEVZlb3JyYSAtIFRoZSBDaXR5AAZWZW9ycmEAAAAAAANrAAALdEhEbWdTMFZpYVEAAQAraHR0cHM6Ly93d3cueW91dHViZS5jb20vd2F0Y2g/dj10SERtZ1MwVmlhUQAHeW91dHViZQAAAAAAAAAA","volume":100,"guildId":"645259650132082709","op":"play"}
2022-01-29 22:05:48.586  INFO 39184 --- [XNIO-1 task-19] l.server.player.AudioLoaderRestHandler   : Got request to load for identifier "ytsearch:veorra run"
2022-01-29 22:05:49.216  INFO 39184 --- [lava-daemon-pool-info-loader-2-thread-1] lavalink.server.player.AudioLoader       : Loaded playlist Search results for: veorra run
2022-01-29 22:05:49.221  INFO 39184 --- [XNIO-1 I/O-7] lavalink.server.io.SocketServer          : {"track":"QAAAbAIADFZlb3JyYSAtIFJ1bgAGVmVvcnJhAAAAAAADqYAACy01dGhZMU5PNS13AAEAK2h0dHBzOi8vd3d3LnlvdXR1YmUuY29tL3dhdGNoP3Y9LTV0aFkxTk81LXcAB3lvdXR1YmUAAAAAAAAAAA==","volume":100,"guildId":"645259650132082709","op":"play"}
2022-01-29 22:35:33.983  INFO 39184 --- [XNIO-1 task-21] l.server.player.AudioLoaderRestHandler   : Got request to load for identifier "ytsearch:sail gxd elle vee"
2022-01-29 22:35:34.578  INFO 39184 --- [lava-daemon-pool-info-loader-2-thread-1] lavalink.server.player.AudioLoader       : Loaded playlist Search results for: sail gxd elle vee
2022-01-29 22:35:34.587  INFO 39184 --- [XNIO-1 I/O-7] lavalink.server.io.SocketServer          : {"track":"QAAAhAIAFUdYRCAmIEVsbGUgVmVlIC0gU2FpbAAVQmxhY2sgSG9sZSBSZWNvcmRpbmdzAAAAAAADQ/AAC0l5VERpdHNodGtVAAEAK2h0dHBzOi8vd3d3LnlvdXR1YmUuY29tL3dhdGNoP3Y9SXlURGl0c2h0a1UAB3lvdXR1YmUAAAAAAAAAAA==","volume":100,"guildId":"645259650132082709","op":"play"}
2022-01-29 23:30:23.967  INFO 39184 --- [XNIO-1 I/O-7] lavalink.server.io.SocketServer          : Connection closed from /127.0.0.1:50263 -- CloseStatus[code=1006, reason=]
2022-01-29 23:30:23.968  INFO 39184 --- [XNIO-1 I/O-7] lavalink.server.io.SocketContext         : Shutting down 0 playing players.
